<?xml version="1.0" encoding="UTF-8"?>
<!-- Generated by org.testng.reporters.JUnitXMLReporter -->
<testsuite hostname="Windows7-PC" ignored="1" name="Test(failed)(failed)" tests="1" failures="1" timestamp="2021-12-10T00:38:17 IST" time="18.469" errors="0">
  <testcase name="loginapp" time="1.303" classname="com.org.tests.LoginTest">
    <failure type="java.lang.AssertionError" message="expected [https://demoqa.com/login] but found [https://demoqa.com/profile]">
      <![CDATA[java.lang.AssertionError: expected [https://demoqa.com/login] but found [https://demoqa.com/profile]
at com.org.tests.LoginTest.loginapp(LoginTest.java:48)
at java.util.ArrayList.forEach(Unknown Source)
... Removed 33 stack frames]]>
    </failure>
  </testcase> <!-- loginapp -->
  <testcase name="pagetitle" time="0.0" classname="com.org.tests.LoginTest">
    <ignored/>
  </testcase> <!-- pagetitle -->
</testsuite> <!-- Test(failed)(failed) -->
