<?xml version="1.0" encoding="UTF-8"?>
<!-- Generated by org.testng.reporters.JUnitXMLReporter -->
<testsuite hostname="Windows7-PC" ignored="1" name="Test(failed)" tests="1" failures="1" timestamp="2021-12-10T00:35:48 IST" time="21.673" errors="0">
  <testcase name="loginapp" time="1.757" classname="com.org.tests.LoginTest">
    <failure type="junit.framework.ComparisonFailure" message="expected:&amp;lt;https://demoqa.com/[profile]&amp;gt; but was:&amp;lt;https://demoqa.com/[login]&amp;gt;">
      <![CDATA[junit.framework.ComparisonFailure: expected:<https://demoqa.com/[profile]> but was:<https://demoqa.com/[login]>
at junit.framework.Assert.assertEquals(Assert.java:100)
at junit.framework.Assert.assertEquals(Assert.java:107)
at com.org.tests.LoginTest.loginapp(LoginTest.java:48)
at java.util.ArrayList.forEach(Unknown Source)
... Removed 27 stack frames]]>
    </failure>
  </testcase> <!-- loginapp -->
  <testcase name="pagetitle" time="0.0" classname="com.org.tests.LoginTest">
    <ignored/>
  </testcase> <!-- pagetitle -->
</testsuite> <!-- Test(failed) -->
